{"/Users/hanaqureshi/poc-microfrontend/user-management-app/src/App.tsx": {"path":"/Users/hanaqureshi/poc-microfrontend/user-management-app/src/App.tsx","statementMap":{"0":{"start":{"line":8,"column":37},"end":{"line":8,"column":null}},"1":{"start":{"line":10,"column":2},"end":{"line":58,"column":null}},"2":{"start":{"line":45,"column":16},"end":{"line":45,"column":null}},"3":{"start":{"line":45,"column":57},"end":{"line":45,"column":81}},"4":{"start":{"line":48,"column":34},"end":{"line":49,"column":38}}},"fnMap":{"0":{"name":"App","decl":{"start":{"line":7,"column":24},"end":{"line":7,"column":null}},"loc":{"start":{"line":7,"column":24},"end":{"line":61,"column":null}},"line":7},"1":{"name":"(anonymous_1)","decl":{"start":{"line":44,"column":24},"end":{"line":44,"column":25}},"loc":{"start":{"line":45,"column":16},"end":{"line":45,"column":null}},"line":45},"2":{"name":"(anonymous_2)","decl":{"start":{"line":45,"column":50},"end":{"line":45,"column":51}},"loc":{"start":{"line":45,"column":57},"end":{"line":45,"column":81}},"line":45},"3":{"name":"(anonymous_3)","decl":{"start":{"line":48,"column":33},"end":{"line":48,"column":34}},"loc":{"start":{"line":48,"column":34},"end":{"line":49,"column":38}},"line":48}},"branchMap":{},"s":{"0":8,"1":8,"2":1,"3":2,"4":16},"f":{"0":8,"1":1,"2":2,"3":16},"b":{},"meta":{"lastBranch":0,"lastFunction":4,"lastStatement":5,"seen":{"f:7:24:7:Infinity":0,"s:8:37:8:Infinity":0,"s:10:2:58:Infinity":1,"f:44:24:44:25":1,"s:45:16:45:Infinity":2,"f:45:50:45:51":2,"s:45:57:45:81":3,"f:48:33:48:34":3,"s:48:34:49:38":4}}}
,"/Users/hanaqureshi/poc-microfrontend/user-management-app/src/components/UserManagement.tsx": {"path":"/Users/hanaqureshi/poc-microfrontend/user-management-app/src/components/UserManagement.tsx","statementMap":{"0":{"start":{"line":14,"column":25},"end":{"line":14,"column":null}},"1":{"start":{"line":15,"column":37},"end":{"line":15,"column":null}},"2":{"start":{"line":16,"column":37},"end":{"line":16,"column":null}},"3":{"start":{"line":17,"column":23},"end":{"line":22,"column":null}},"4":{"start":{"line":24,"column":18},"end":{"line":24,"column":null}},"5":{"start":{"line":26,"column":27},"end":{"line":28,"column":null}},"6":{"start":{"line":27,"column":4},"end":{"line":27,"column":null}},"7":{"start":{"line":30,"column":8},"end":{"line":39,"column":null}},"8":{"start":{"line":31,"column":4},"end":{"line":31,"column":null}},"9":{"start":{"line":32,"column":4},"end":{"line":32,"column":null}},"10":{"start":{"line":33,"column":4},"end":{"line":38,"column":null}},"11":{"start":{"line":41,"column":8},"end":{"line":53,"column":null}},"12":{"start":{"line":42,"column":22},"end":{"line":42,"column":null}},"13":{"start":{"line":43,"column":26},"end":{"line":50,"column":null}},"14":{"start":{"line":51,"column":4},"end":{"line":51,"column":null}},"15":{"start":{"line":51,"column":28},"end":{"line":51,"column":null}},"16":{"start":{"line":52,"column":4},"end":{"line":52,"column":null}},"17":{"start":{"line":55,"column":21},"end":{"line":64,"column":null}},"18":{"start":{"line":56,"column":4},"end":{"line":56,"column":null}},"19":{"start":{"line":57,"column":4},"end":{"line":62,"column":null}},"20":{"start":{"line":63,"column":4},"end":{"line":63,"column":null}},"21":{"start":{"line":66,"column":23},"end":{"line":75,"column":null}},"22":{"start":{"line":67,"column":4},"end":{"line":74,"column":null}},"23":{"start":{"line":68,"column":6},"end":{"line":71,"column":null}},"24":{"start":{"line":69,"column":8},"end":{"line":71,"column":null}},"25":{"start":{"line":73,"column":6},"end":{"line":73,"column":null}},"26":{"start":{"line":77,"column":23},"end":{"line":81,"column":null}},"27":{"start":{"line":78,"column":4},"end":{"line":80,"column":null}},"28":{"start":{"line":79,"column":6},"end":{"line":79,"column":null}},"29":{"start":{"line":79,"column":33},"end":{"line":79,"column":null}},"30":{"start":{"line":83,"column":23},"end":{"line":92,"column":null}},"31":{"start":{"line":84,"column":4},"end":{"line":84,"column":null}},"32":{"start":{"line":85,"column":4},"end":{"line":90,"column":null}},"33":{"start":{"line":91,"column":4},"end":{"line":91,"column":null}},"34":{"start":{"line":94,"column":2},"end":{"line":130,"column":null}}},"fnMap":{"0":{"name":"UserManagement","decl":{"start":{"line":13,"column":24},"end":{"line":13,"column":39}},"loc":{"start":{"line":13,"column":75},"end":{"line":136,"column":null}},"line":13},"1":{"name":"(anonymous_1)","decl":{"start":{"line":26,"column":27},"end":{"line":26,"column":28}},"loc":{"start":{"line":26,"column":43},"end":{"line":28,"column":null}},"line":26},"2":{"name":"(anonymous_2)","decl":{"start":{"line":30,"column":33},"end":{"line":30,"column":null}},"loc":{"start":{"line":30,"column":33},"end":{"line":39,"column":5}},"line":30},"3":{"name":"(anonymous_3)","decl":{"start":{"line":41,"column":32},"end":{"line":41,"column":null}},"loc":{"start":{"line":41,"column":32},"end":{"line":53,"column":5}},"line":41},"4":{"name":"(anonymous_4)","decl":{"start":{"line":51,"column":13},"end":{"line":51,"column":14}},"loc":{"start":{"line":51,"column":28},"end":{"line":51,"column":null}},"line":51},"5":{"name":"(anonymous_5)","decl":{"start":{"line":55,"column":21},"end":{"line":55,"column":22}},"loc":{"start":{"line":55,"column":22},"end":{"line":64,"column":null}},"line":55},"6":{"name":"(anonymous_6)","decl":{"start":{"line":66,"column":23},"end":{"line":66,"column":null}},"loc":{"start":{"line":66,"column":23},"end":{"line":75,"column":null}},"line":66},"7":{"name":"(anonymous_7)","decl":{"start":{"line":68,"column":25},"end":{"line":68,"column":null}},"loc":{"start":{"line":69,"column":8},"end":{"line":71,"column":null}},"line":69},"8":{"name":"(anonymous_8)","decl":{"start":{"line":77,"column":23},"end":{"line":77,"column":24}},"loc":{"start":{"line":77,"column":24},"end":{"line":81,"column":null}},"line":77},"9":{"name":"(anonymous_9)","decl":{"start":{"line":79,"column":28},"end":{"line":79,"column":33}},"loc":{"start":{"line":79,"column":33},"end":{"line":79,"column":null}},"line":79},"10":{"name":"(anonymous_10)","decl":{"start":{"line":83,"column":23},"end":{"line":83,"column":null}},"loc":{"start":{"line":83,"column":23},"end":{"line":92,"column":null}},"line":83}},"branchMap":{"0":{"loc":{"start":{"line":67,"column":4},"end":{"line":74,"column":null}},"type":"if","locations":[{"start":{"line":67,"column":4},"end":{"line":74,"column":null}},{"start":{},"end":{}}],"line":67},"1":{"loc":{"start":{"line":69,"column":8},"end":{"line":71,"column":null}},"type":"cond-expr","locations":[{"start":{"line":70,"column":12},"end":{"line":70,"column":null}},{"start":{"line":71,"column":12},"end":{"line":71,"column":null}}],"line":69},"2":{"loc":{"start":{"line":78,"column":4},"end":{"line":80,"column":null}},"type":"if","locations":[{"start":{"line":78,"column":4},"end":{"line":80,"column":null}},{"start":{},"end":{}}],"line":78},"3":{"loc":{"start":{"line":103,"column":7},"end":{"line":105,"column":null}},"type":"binary-expr","locations":[{"start":{"line":103,"column":7},"end":{"line":103,"column":null}},{"start":{"line":103,"column":7},"end":{"line":105,"column":null}}],"line":103},"4":{"loc":{"start":{"line":119,"column":16},"end":{"line":119,"column":null}},"type":"binary-expr","locations":[{"start":{"line":119,"column":16},"end":{"line":119,"column":31}},{"start":{"line":119,"column":31},"end":{"line":119,"column":null}}],"line":119},"5":{"loc":{"start":{"line":123,"column":16},"end":{"line":123,"column":null}},"type":"cond-expr","locations":[{"start":{"line":123,"column":30},"end":{"line":123,"column":45}},{"start":{"line":123,"column":45},"end":{"line":123,"column":null}}],"line":123},"6":{"loc":{"start":{"line":127,"column":7},"end":{"line":130,"column":null}},"type":"binary-expr","locations":[{"start":{"line":127,"column":7},"end":{"line":127,"column":null}},{"start":{"line":127,"column":8},"end":{"line":130,"column":null}}],"line":127}},"s":{"0":66,"1":66,"2":66,"3":66,"4":66,"5":66,"6":37,"7":66,"8":2,"9":2,"10":2,"11":66,"12":1,"13":1,"14":1,"15":1,"16":1,"17":66,"18":2,"19":2,"20":2,"21":66,"22":1,"23":1,"24":12,"25":1,"26":66,"27":2,"28":1,"29":12,"30":66,"31":2,"32":2,"33":2,"34":66},"f":{"0":66,"1":37,"2":2,"3":1,"4":1,"5":2,"6":1,"7":12,"8":2,"9":12,"10":2},"b":{"0":[1,0],"1":[1,11],"2":[1,1],"3":[66,63],"4":[66,41],"5":[15,51],"6":[66,3]},"meta":{"lastBranch":7,"lastFunction":11,"lastStatement":35,"seen":{"f:13:24:13:39":0,"s:14:25:14:Infinity":0,"s:15:37:15:Infinity":1,"s:16:37:16:Infinity":2,"s:17:23:22:Infinity":3,"s:24:18:24:Infinity":4,"s:26:27:28:Infinity":5,"f:26:27:26:28":1,"s:27:4:27:Infinity":6,"s:30:8:39:Infinity":7,"f:30:33:30:Infinity":2,"s:31:4:31:Infinity":8,"s:32:4:32:Infinity":9,"s:33:4:38:Infinity":10,"s:41:8:53:Infinity":11,"f:41:32:41:Infinity":3,"s:42:22:42:Infinity":12,"s:43:26:50:Infinity":13,"s:51:4:51:Infinity":14,"f:51:13:51:14":4,"s:51:28:51:Infinity":15,"s:52:4:52:Infinity":16,"s:55:21:64:Infinity":17,"f:55:21:55:22":5,"s:56:4:56:Infinity":18,"s:57:4:62:Infinity":19,"s:63:4:63:Infinity":20,"s:66:23:75:Infinity":21,"f:66:23:66:Infinity":6,"b:67:4:74:Infinity:undefined:undefined:undefined:undefined":0,"s:67:4:74:Infinity":22,"s:68:6:71:Infinity":23,"f:68:25:68:Infinity":7,"s:69:8:71:Infinity":24,"b:70:12:70:Infinity:71:12:71:Infinity":1,"s:73:6:73:Infinity":25,"s:77:23:81:Infinity":26,"f:77:23:77:24":8,"b:78:4:80:Infinity:undefined:undefined:undefined:undefined":2,"s:78:4:80:Infinity":27,"s:79:6:79:Infinity":28,"f:79:28:79:33":9,"s:79:33:79:Infinity":29,"s:83:23:92:Infinity":30,"f:83:23:83:Infinity":10,"s:84:4:84:Infinity":31,"s:85:4:90:Infinity":32,"s:91:4:91:Infinity":33,"s:94:2:130:Infinity":34,"b:103:7:103:Infinity:103:7:105:Infinity":3,"b:119:16:119:31:119:31:119:Infinity":4,"b:123:30:123:45:123:45:123:Infinity":5,"b:127:7:127:Infinity:127:8:130:Infinity":6}}}
,"/Users/hanaqureshi/poc-microfrontend/user-management-app/src/components/UserModal.tsx": {"path":"/Users/hanaqureshi/poc-microfrontend/user-management-app/src/components/UserModal.tsx","statementMap":{"0":{"start":{"line":26,"column":2},"end":{"line":26,"column":null}},"1":{"start":{"line":26,"column":15},"end":{"line":26,"column":null}},"2":{"start":{"line":28,"column":2},"end":{"line":87,"column":null}},"3":{"start":{"line":43,"column":31},"end":{"line":43,"column":null}},"4":{"start":{"line":54,"column":31},"end":{"line":54,"column":null}},"5":{"start":{"line":63,"column":31},"end":{"line":63,"column":null}},"6":{"start":{"line":75,"column":31},"end":{"line":75,"column":null}}},"fnMap":{"0":{"name":"UserModal","decl":{"start":{"line":18,"column":24},"end":{"line":18,"column":34}},"loc":{"start":{"line":25,"column":17},"end":{"line":94,"column":null}},"line":25},"1":{"name":"(anonymous_1)","decl":{"start":{"line":43,"column":24},"end":{"line":43,"column":25}},"loc":{"start":{"line":43,"column":31},"end":{"line":43,"column":null}},"line":43},"2":{"name":"(anonymous_2)","decl":{"start":{"line":54,"column":24},"end":{"line":54,"column":25}},"loc":{"start":{"line":54,"column":31},"end":{"line":54,"column":null}},"line":54},"3":{"name":"(anonymous_3)","decl":{"start":{"line":63,"column":24},"end":{"line":63,"column":25}},"loc":{"start":{"line":63,"column":31},"end":{"line":63,"column":null}},"line":63},"4":{"name":"(anonymous_4)","decl":{"start":{"line":75,"column":24},"end":{"line":75,"column":25}},"loc":{"start":{"line":75,"column":31},"end":{"line":75,"column":null}},"line":75}},"branchMap":{"0":{"loc":{"start":{"line":26,"column":2},"end":{"line":26,"column":null}},"type":"if","locations":[{"start":{"line":26,"column":2},"end":{"line":26,"column":null}},{"start":{},"end":{}}],"line":26},"1":{"loc":{"start":{"line":32,"column":11},"end":{"line":32,"column":null}},"type":"cond-expr","locations":[{"start":{"line":32,"column":25},"end":{"line":32,"column":39}},{"start":{"line":32,"column":39},"end":{"line":32,"column":null}}],"line":32},"2":{"loc":{"start":{"line":85,"column":13},"end":{"line":85,"column":null}},"type":"cond-expr","locations":[{"start":{"line":85,"column":27},"end":{"line":85,"column":38}},{"start":{"line":85,"column":38},"end":{"line":85,"column":null}}],"line":85}},"s":{"0":78,"1":26,"2":52,"3":22,"4":32,"5":1,"6":1},"f":{"0":78,"1":22,"2":32,"3":1,"4":1},"b":{"0":[26,52],"1":[17,35],"2":[17,35]},"meta":{"lastBranch":3,"lastFunction":5,"lastStatement":7,"seen":{"f:18:24:18:34":0,"b:26:2:26:Infinity:undefined:undefined:undefined:undefined":0,"s:26:2:26:Infinity":0,"s:26:15:26:Infinity":1,"s:28:2:87:Infinity":2,"b:32:25:32:39:32:39:32:Infinity":1,"f:43:24:43:25":1,"s:43:31:43:Infinity":3,"f:54:24:54:25":2,"s:54:31:54:Infinity":4,"f:63:24:63:25":3,"s:63:31:63:Infinity":5,"f:75:24:75:25":4,"s:75:31:75:Infinity":6,"b:85:27:85:38:85:38:85:Infinity":2}}}
,"/Users/hanaqureshi/poc-microfrontend/user-management-app/src/components/UserStats.tsx": {"path":"/Users/hanaqureshi/poc-microfrontend/user-management-app/src/components/UserStats.tsx","statementMap":{"0":{"start":{"line":9,"column":2},"end":{"line":24,"column":null}},"1":{"start":{"line":18,"column":29},"end":{"line":18,"column":52}},"2":{"start":{"line":24,"column":29},"end":{"line":24,"column":49}}},"fnMap":{"0":{"name":"UserStats","decl":{"start":{"line":8,"column":24},"end":{"line":8,"column":34}},"loc":{"start":{"line":8,"column":59},"end":{"line":29,"column":null}},"line":8},"1":{"name":"(anonymous_1)","decl":{"start":{"line":18,"column":24},"end":{"line":18,"column":29}},"loc":{"start":{"line":18,"column":29},"end":{"line":18,"column":52}},"line":18},"2":{"name":"(anonymous_2)","decl":{"start":{"line":24,"column":24},"end":{"line":24,"column":29}},"loc":{"start":{"line":24,"column":29},"end":{"line":24,"column":49}},"line":24}},"branchMap":{},"s":{"0":72,"1":1192,"2":1192},"f":{"0":72,"1":1192,"2":1192},"b":{},"meta":{"lastBranch":0,"lastFunction":3,"lastStatement":3,"seen":{"f:8:24:8:34":0,"s:9:2:24:Infinity":0,"f:18:24:18:29":1,"s:18:29:18:52":1,"f:24:24:24:29":2,"s:24:29:24:49":2}}}
,"/Users/hanaqureshi/poc-microfrontend/user-management-app/src/components/UserTable.tsx": {"path":"/Users/hanaqureshi/poc-microfrontend/user-management-app/src/components/UserTable.tsx","statementMap":{"0":{"start":{"line":12,"column":2},"end":{"line":27,"column":null}},"1":{"start":{"line":26,"column":21},"end":{"line":27,"column":null}},"2":{"start":{"line":45,"column":37},"end":{"line":45,"column":null}},"3":{"start":{"line":51,"column":37},"end":{"line":51,"column":null}}},"fnMap":{"0":{"name":"UserTable","decl":{"start":{"line":11,"column":24},"end":{"line":11,"column":34}},"loc":{"start":{"line":11,"column":86},"end":{"line":65,"column":null}},"line":11},"1":{"name":"(anonymous_1)","decl":{"start":{"line":26,"column":21},"end":{"line":26,"column":null}},"loc":{"start":{"line":26,"column":21},"end":{"line":27,"column":null}},"line":26},"2":{"name":"(anonymous_2)","decl":{"start":{"line":45,"column":31},"end":{"line":45,"column":37}},"loc":{"start":{"line":45,"column":37},"end":{"line":45,"column":null}},"line":45},"3":{"name":"(anonymous_3)","decl":{"start":{"line":51,"column":31},"end":{"line":51,"column":37}},"loc":{"start":{"line":51,"column":37},"end":{"line":51,"column":null}},"line":51}},"branchMap":{"0":{"loc":{"start":{"line":22,"column":13},"end":{"line":22,"column":null}},"type":"binary-expr","locations":[{"start":{"line":22,"column":13},"end":{"line":22,"column":24}},{"start":{"line":22,"column":13},"end":{"line":22,"column":null}}],"line":22},"1":{"loc":{"start":{"line":31,"column":47},"end":{"line":31,"column":101}},"type":"cond-expr","locations":[{"start":{"line":31,"column":71},"end":{"line":31,"column":86}},{"start":{"line":31,"column":86},"end":{"line":31,"column":101}}],"line":31},"2":{"loc":{"start":{"line":36,"column":33},"end":{"line":36,"column":null}},"type":"cond-expr","locations":[{"start":{"line":36,"column":60},"end":{"line":36,"column":78}},{"start":{"line":36,"column":78},"end":{"line":36,"column":null}}],"line":36},"3":{"loc":{"start":{"line":41,"column":15},"end":{"line":53,"column":null}},"type":"binary-expr","locations":[{"start":{"line":41,"column":15},"end":{"line":41,"column":null}},{"start":{"line":41,"column":15},"end":{"line":53,"column":null}}],"line":41}},"s":{"0":74,"1":806,"2":3,"3":3},"f":{"0":74,"1":806,"2":3,"3":3},"b":{"0":[74,70],"1":[430,376],"2":[387,419],"3":[806,768]},"meta":{"lastBranch":4,"lastFunction":4,"lastStatement":4,"seen":{"f:11:24:11:34":0,"s:12:2:27:Infinity":0,"b:22:13:22:24:22:13:22:Infinity":0,"f:26:21:26:Infinity":1,"s:26:21:27:Infinity":1,"b:31:71:31:86:31:86:31:101":1,"b:36:60:36:78:36:78:36:Infinity":2,"b:41:15:41:Infinity:41:15:53:Infinity":3,"f:45:31:45:37":2,"s:45:37:45:Infinity":2,"f:51:31:51:37":3,"s:51:37:51:Infinity":3}}}
,"/Users/hanaqureshi/poc-microfrontend/user-management-app/src/data/mockData.ts": {"path":"/Users/hanaqureshi/poc-microfrontend/user-management-app/src/data/mockData.ts","statementMap":{"0":{"start":{"line":4,"column":41},"end":{"line":7,"column":null}},"1":{"start":{"line":9,"column":34},"end":{"line":18,"column":null}},"2":{"start":{"line":10,"column":2},"end":{"line":17,"column":null}},"3":{"start":{"line":10,"column":51},"end":{"line":17,"column":null}}},"fnMap":{"0":{"name":"(anonymous_0)","decl":{"start":{"line":9,"column":34},"end":{"line":9,"column":null}},"loc":{"start":{"line":9,"column":34},"end":{"line":18,"column":null}},"line":9},"1":{"name":"(anonymous_1)","decl":{"start":{"line":10,"column":36},"end":{"line":10,"column":37}},"loc":{"start":{"line":10,"column":51},"end":{"line":17,"column":null}},"line":10}},"branchMap":{},"s":{"0":2,"1":2,"2":66,"3":792},"f":{"0":66,"1":792},"b":{},"meta":{"lastBranch":0,"lastFunction":2,"lastStatement":4,"seen":{"s:4:41:7:Infinity":0,"s:9:34:18:Infinity":1,"f:9:34:9:Infinity":0,"s:10:2:17:Infinity":2,"f:10:36:10:37":1,"s:10:51:17:Infinity":3}}}
}
