TN:
SF:src/App.tsx
FN:7,App
FN:44,(anonymous_1)
FN:45,(anonymous_2)
FN:48,(anonymous_3)
FNF:4
FNH:4
FNDA:8,App
FNDA:1,(anonymous_1)
FNDA:2,(anonymous_2)
FNDA:16,(anonymous_3)
DA:8,8
DA:10,8
DA:45,2
DA:48,16
LF:4
LH:4
BRF:0
BRH:0
end_of_record
TN:
SF:src/components/UserManagement.tsx
FN:13,UserManagement
FN:26,(anonymous_1)
FN:30,(anonymous_2)
FN:41,(anonymous_3)
FN:51,(anonymous_4)
FN:55,(anonymous_5)
FN:66,(anonymous_6)
FN:68,(anonymous_7)
FN:77,(anonymous_8)
FN:79,(anonymous_9)
FN:83,(anonymous_10)
FNF:11
FNH:11
FNDA:66,UserManagement
FNDA:37,(anonymous_1)
FNDA:2,(anonymous_2)
FNDA:1,(anonymous_3)
FNDA:1,(anonymous_4)
FNDA:2,(anonymous_5)
FNDA:1,(anonymous_6)
FNDA:12,(anonymous_7)
FNDA:2,(anonymous_8)
FNDA:12,(anonymous_9)
FNDA:2,(anonymous_10)
DA:14,66
DA:15,66
DA:16,66
DA:17,66
DA:24,66
DA:26,66
DA:27,37
DA:30,66
DA:31,2
DA:32,2
DA:33,2
DA:41,66
DA:42,1
DA:43,1
DA:51,1
DA:52,1
DA:55,66
DA:56,2
DA:57,2
DA:63,2
DA:66,66
DA:67,1
DA:68,1
DA:69,12
DA:73,1
DA:77,66
DA:78,2
DA:79,12
DA:83,66
DA:84,2
DA:85,2
DA:91,2
DA:94,66
LF:33
LH:33
BRDA:67,0,0,1
BRDA:67,0,1,0
BRDA:69,1,0,1
BRDA:69,1,1,11
BRDA:78,2,0,1
BRDA:78,2,1,1
BRDA:103,3,0,66
BRDA:103,3,1,63
BRDA:119,4,0,66
BRDA:119,4,1,41
BRDA:123,5,0,15
BRDA:123,5,1,51
BRDA:127,6,0,66
BRDA:127,6,1,3
BRF:14
BRH:13
end_of_record
TN:
SF:src/components/UserModal.tsx
FN:18,UserModal
FN:43,(anonymous_1)
FN:54,(anonymous_2)
FN:63,(anonymous_3)
FN:75,(anonymous_4)
FNF:5
FNH:5
FNDA:78,UserModal
FNDA:22,(anonymous_1)
FNDA:32,(anonymous_2)
FNDA:1,(anonymous_3)
FNDA:1,(anonymous_4)
DA:26,78
DA:28,52
DA:43,22
DA:54,32
DA:63,1
DA:75,1
LF:6
LH:6
BRDA:26,0,0,26
BRDA:26,0,1,52
BRDA:32,1,0,17
BRDA:32,1,1,35
BRDA:85,2,0,17
BRDA:85,2,1,35
BRF:6
BRH:6
end_of_record
TN:
SF:src/components/UserStats.tsx
FN:8,UserStats
FN:18,(anonymous_1)
FN:24,(anonymous_2)
FNF:3
FNH:3
FNDA:72,UserStats
FNDA:1192,(anonymous_1)
FNDA:1192,(anonymous_2)
DA:9,72
DA:18,1192
DA:24,1192
LF:3
LH:3
BRF:0
BRH:0
end_of_record
TN:
SF:src/components/UserTable.tsx
FN:11,UserTable
FN:26,(anonymous_1)
FN:45,(anonymous_2)
FN:51,(anonymous_3)
FNF:4
FNH:4
FNDA:74,UserTable
FNDA:806,(anonymous_1)
FNDA:3,(anonymous_2)
FNDA:3,(anonymous_3)
DA:12,74
DA:26,806
DA:45,3
DA:51,3
LF:4
LH:4
BRDA:22,0,0,74
BRDA:22,0,1,70
BRDA:31,1,0,430
BRDA:31,1,1,376
BRDA:36,2,0,387
BRDA:36,2,1,419
BRDA:41,3,0,806
BRDA:41,3,1,768
BRF:8
BRH:8
end_of_record
TN:
SF:src/data/mockData.ts
FN:9,(anonymous_0)
FN:10,(anonymous_1)
FNF:2
FNH:2
FNDA:66,(anonymous_0)
FNDA:792,(anonymous_1)
DA:4,2
DA:9,2
DA:10,792
LF:3
LH:3
BRF:0
BRH:0
end_of_record
